# JRE version: Java(TM) SE Runtime Environment (24.0.1+9) (build 24.0.1+9-30)
# Java VM: Java HotSpot(TM) 64-Bit Server VM (24.0.1+9-30, mixed mode, sharing, tiered, compressed oops, compressed class ptrs, g1 gc, windows-amd64)
GC Precious Log:
 CardTable entry size: 512
 Card Set container configuration: InlinePtr #cards 4 size 8 Array Of Cards #cards 16 size 48 Howl #buckets 8 coarsen threshold 3686 Howl Bitmap #cards 512 size 80 coarsen threshold 460 Card regions per heap region 1 cards per card region 4096
 CPUs: 8 total, 8 available
 Memory: 16103M
 Large Page Support: Disabled
 NUMA Support: Disabled
 Compressed Oops: Enabled (Zero based)
 Heap Region Size: 2M
 Heap Min Capacity: 8M
 Heap Initial Capacity: 252M
 Heap Max Capacity: 4026M
 Pre-touch: Disabled
 Parallel Workers: 8
 Concurrent Workers: 2
 Concurrent Refinement Workers: 8
 Periodic GC: Disabled
Heap:
 garbage-first heap   total reserved 4122624K, committed 75776K, used 51219K [0x0000000704600000, 0x0000000800000000)
  region size 2048K, 21 young (43008K), 2 survivors (4096K)
 Metaspace       used 34035K, committed 34432K, reserved 1114112K
  class space    used 3458K, committed 3648K, reserved 1048576K
GC Heap History (8 events):
Event: 1.170 GC heap before
{Heap before GC invocations=0 (full 0):
 garbage-first heap   total reserved 4122624K, committed 260096K, used 48244K [0x0000000704600000, 0x0000000800000000)
  region size 2048K, 24 young (49152K), 0 survivors (0K)
 Metaspace       used 15067K, committed 15360K, reserved 1114112K
  class space    used 1330K, committed 1472K, reserved 1048576K
}
Event: 1.179 GC heap after
{Heap after GC invocations=1 (full 0):
 garbage-first heap   total reserved 4122624K, committed 260096K, used 7749K [0x0000000704600000, 0x0000000800000000)
  region size 2048K, 3 young (6144K), 3 survivors (6144K)
 Metaspace       used 15067K, committed 15360K, reserved 1114112K
  class space    used 1330K, committed 1472K, reserved 1048576K
}
Event: 1.811 GC heap before
{Heap before GC invocations=1 (full 0):
 garbage-first heap   total reserved 4122624K, committed 260096K, used 38469K [0x0000000704600000, 0x0000000800000000)
  region size 2048K, 19 young (38912K), 3 survivors (6144K)
 Metaspace       used 21196K, committed 21504K, reserved 1114112K
  class space    used 1986K, committed 2112K, reserved 1048576K
}
Event: 1.818 GC heap after
{Heap after GC invocations=2 (full 0):
 garbage-first heap   total reserved 4122624K, committed 260096K, used 11175K [0x0000000704600000, 0x0000000800000000)
  region size 2048K, 5 young (10240K), 5 survivors (10240K)
 Metaspace       used 21196K, committed 21504K, reserved 1114112K
  class space    used 1986K, committed 2112K, reserved 1048576K
}
Event: 2.934 GC heap before
{Heap before GC invocations=3 (full 0):
 garbage-first heap   total reserved 4122624K, committed 61440K, used 58279K [0x0000000704600000, 0x0000000800000000)
  region size 2048K, 16 young (32768K), 5 survivors (10240K)
 Metaspace       used 26988K, committed 27328K, reserved 1114112K
  class space    used 2652K, committed 2816K, reserved 1048576K
}
Event: 2.943 GC heap after
{Heap after GC invocations=4 (full 0):
 garbage-first heap   total reserved 4122624K, committed 75776K, used 18326K [0x0000000704600000, 0x0000000800000000)
  region size 2048K, 7 young (14336K), 7 survivors (14336K)
 Metaspace       used 26988K, committed 27328K, reserved 1114112K
  class space    used 2652K, committed 2816K, reserved 1048576K
}
Event: 5.242 GC heap before
{Heap before GC invocations=4 (full 0):
 garbage-first heap   total reserved 4122624K, committed 75776K, used 49046K [0x0000000704600000, 0x0000000800000000)
  region size 2048K, 22 young (45056K), 7 survivors (14336K)
 Metaspace       used 30580K, committed 30976K, reserved 1114112K
  class space    used 3075K, committed 3264K, reserved 1048576K
}
Event: 5.253 GC heap after
{Heap after GC invocations=5 (full 0):
 garbage-first heap   total reserved 4122624K, committed 75776K, used 14355K [0x0000000704600000, 0x0000000800000000)
  region size 2048K, 2 young (4096K), 2 survivors (4096K)
 Metaspace       used 30580K, committed 30976K, reserved 1114112K
  class space    used 3075K, committed 3264K, reserved 1048576K
}

